<?xml version="1.0" encoding="UTF-8"?>
<testsuite name="org.apache.ofbiz.webapp.control.ControlFilterTests" tests="2" skipped="0" failures="0" errors="0" timestamp="2020-03-09T06:57:49" hostname="arul-System-Product-Name" time="0.068">
  <properties/>
  <testcase name="initRetrievesAllInitParameters" classname="org.apache.ofbiz.webapp.control.ControlFilterTests" time="0.065"/>
  <testcase name="initSetsProperErrorCode" classname="org.apache.ofbiz.webapp.control.ControlFilterTests" time="0.003"/>
  <system-out><![CDATA[]]></system-out>
  <system-err><![CDATA[]]></system-err>
</testsuite>
